<?xml version="1.0" encoding="UTF-8"?>
<testsuite xmlns:xsi="http://www.w3.org/2001/XMLSchema-instance" xsi:noNamespaceSchemaLocation="https://maven.apache.org/surefire/maven-surefire-plugin/xsd/surefire-test-report.xsd" name="TestRunner" time="38.401" tests="34" errors="0" skipped="0" failures="7">
  <properties>
[...]
</properties>
  <testcase name="Create a Comment using a post request" classname="Comment Tests: Test Comment Endpoint" time="7.746"/>
  <testcase name="Validate Schema of a Comment #1" classname="Comment Tests: Test Comment Endpoint" time="3.268"/>
  <testcase name="Validate Schema of a Comment #2" classname="Comment Tests: Test Comment Endpoint" time="1.019"/>
  <testcase name="Validate the number of records in response of Comments" classname="Comment Tests: Test Comment Endpoint" time="1.076"/>
  <testcase name="Delete comment with id #1" classname="Comment Tests: Test Comment Endpoint" time="0.689"/>
  <testcase name="Delete comment with id #2" classname="Comment Tests: Test Comment Endpoint" time="0.806"/>
  <testcase name="Test delete Comment with invalid/null id #1" classname="Comment Tests: Test Comment Endpoint" time="0.737"/>
  <testcase name="Test delete Comment with invalid/null id #2" classname="Comment Tests: Test Comment Endpoint" time="1.549">
    <failure message="1 expectation failed.&#10;Expected status code (&lt;404&gt; or &lt;400&gt; or &lt;301&gt; or &lt;500&gt;) but was &lt;200&gt;.&#10;" type="java.lang.AssertionError"><![CDATA[java.lang.AssertionError: 
1 expectation failed.
Expected status code (<404> or <400> or <301> or <500>) but was <200>.

]]></failure>
    <system-out><![CDATA[
@deleteCommentTest @deleteCommentNegativeTest @all @commentTests
Scenario Outline: Test delete Comment with invalid/null id    &amp#27;[90m# features/verifyComments.feature:70&amp#27;[0m
Request method:	DELETE
Request URI:	https://jsonplaceholder.typicode.com/comments/%25%24%5E%23
Proxy:			<none>
Request params:	<none>
Query params:	<none>
Form params:	<none>
Path params:	id=%$^#
Headers:		Accept=*/*
				Content-Type=application/json; charset=UTF-8
Cookies:		<none>
Multiparts:		<none>
Body:			<none>
  &amp#27;[32mWhen &amp#27;[0m&amp#27;[32mI perform delete operation on a comment with id &amp#27;[0m&amp#27;[32m&amp#27;[1m"%$^#"&amp#27;[0m &amp#27;[90m# stepDefinitions.stepDefLibrary.iPerformDeleteOperationOnACommentWithId(java.lang.String)&amp#27;[0m
  &amp#27;[31mThen &amp#27;[0m&amp#27;[31man error status code must be returned&amp#27;[0m                  &amp#27;[90m# stepDefinitions.stepDefLibrary.anErrorStatusCodeMustBeReturned()&amp#27;[0m
      &amp#27;[31mjava.lang.AssertionError: 1 expectation failed.
Expected status code (<404> or <400> or <301> or <500>) but was <200>.

	at java.base/jdk.internal.reflect.NativeConstructorAccessorImpl.newInstance0(Native Method)
	at java.base/jdk.internal.reflect.NativeConstructorAccessorImpl.newInstance(NativeConstructorAccessorImpl.java:62)
	at java.base/jdk.internal.reflect.DelegatingConstructorAccessorImpl.newInstance(DelegatingConstructorAccessorImpl.java:45)
	at java.base/java.lang.reflect.Constructor.newInstance(Constructor.java:490)
	at org.codehaus.groovy.reflection.CachedConstructor.invoke(CachedConstructor.java:72)
	at org.codehaus.groovy.reflection.CachedConstructor.doConstructorInvoke(CachedConstructor.java:59)
	at org.codehaus.groovy.runtime.callsite.ConstructorSite$ConstructorSiteNoUnwrap.callConstructor(ConstructorSite.java:84)
	at org.codehaus.groovy.runtime.callsite.CallSiteArray.defaultCallConstructor(CallSiteArray.java:59)
	at org.codehaus.groovy.runtime.callsite.AbstractCallSite.callConstructor(AbstractCallSite.java:263)
	at org.codehaus.groovy.runtime.callsite.AbstractCallSite.callConstructor(AbstractCallSite.java:277)
	at io.restassured.internal.ResponseSpecificationImpl$HamcrestAssertionClosure.validate(ResponseSpecificationImpl.groovy:493)
	at io.restassured.internal.ResponseSpecificationImpl$HamcrestAssertionClosure$validate$1.call(Unknown Source)
	at io.restassured.internal.ResponseSpecificationImpl.validateResponseIfRequired(ResponseSpecificationImpl.groovy:674)
	at java.base/jdk.internal.reflect.NativeMethodAccessorImpl.invoke0(Native Method)
	at java.base/jdk.internal.reflect.NativeMethodAccessorImpl.invoke(NativeMethodAccessorImpl.java:62)
	at java.base/jdk.internal.reflect.DelegatingMethodAccessorImpl.invoke(DelegatingMethodAccessorImpl.java:43)
	at java.base/java.lang.reflect.Method.invoke(Method.java:566)
	at org.codehaus.groovy.runtime.callsite.PlainObjectMetaMethodSite.doInvoke(PlainObjectMetaMethodSite.java:43)
	at org.codehaus.groovy.runtime.callsite.PogoMetaMethodSite$PogoCachedMethodSiteNoUnwrapNoCoerce.invoke(PogoMetaMethodSite.java:193)
	at org.codehaus.groovy.runtime.callsite.PogoMetaMethodSite.callCurrent(PogoMetaMethodSite.java:61)
	at org.codehaus.groovy.runtime.callsite.AbstractCallSite.callCurrent(AbstractCallSite.java:185)
	at io.restassured.internal.ResponseSpecificationImpl.statusCode(ResponseSpecificationImpl.groovy:126)
	at io.restassured.internal.ValidatableResponseOptionsImpl.statusCode(ValidatableResponseOptionsImpl.java:84)
	at io.restassured.internal.ValidatableResponseImpl.super$2$statusCode(ValidatableResponseImpl.groovy)
	at java.base/jdk.internal.reflect.NativeMethodAccessorImpl.invoke0(Native Method)
	at java.base/jdk.internal.reflect.NativeMethodAccessorImpl.invoke(NativeMethodAccessorImpl.java:62)
	at java.base/jdk.internal.reflect.DelegatingMethodAccessorImpl.invoke(DelegatingMethodAccessorImpl.java:43)
	at java.base/java.lang.reflect.Method.invoke(Method.java:566)
	at org.codehaus.groovy.reflection.CachedMethod.invoke(CachedMethod.java:107)
	at groovy.lang.MetaMethod.doMethodInvoke(MetaMethod.java:323)
	at groovy.lang.MetaClassImpl.invokeMethod(MetaClassImpl.java:1262)
	at org.codehaus.groovy.runtime.ScriptBytecodeAdapter.invokeMethodOnSuperN(ScriptBytecodeAdapter.java:144)
	at io.restassured.internal.ValidatableResponseImpl.statusCode(ValidatableResponseImpl.groovy:136)
	at io.restassured.internal.ValidatableResponseImpl.statusCode(ValidatableResponseImpl.groovy)
	at stepDefinitions.stepDefLibrary.anErrorStatusCodeMustBeReturned(stepDefLibrary.java:191)
	at âœ½.an error status code must be returned(classpath:features/verifyComments.feature:66)
&amp#27;[0m
]]></system-out>
  </testcase>
  <testcase name="Create a Post using a post request" classname="Posts Tests: Test all the POST/PUT requests for creating Posts" time="0.467"/>
  <testcase name="Validate Schema of a Post record #1" classname="Posts Tests: Test all the POST/PUT requests for creating Posts" time="0.371"/>
  <testcase name="Validate Schema of a Post record #2" classname="Posts Tests: Test all the POST/PUT requests for creating Posts" time="0.126"/>
  <testcase name="Validate the number of records in response of Posts" classname="Posts Tests: Test all the POST/PUT requests for creating Posts" time="0.308"/>
  <testcase name="Create a Post with invalid parameters" classname="Posts Tests: Test all the POST/PUT requests for creating Posts" time="1.33">
    <failure message="1 expectation failed.&#10;Expected status code is &lt;400&gt; but was &lt;201&gt;.&#10;" type="java.lang.AssertionError"><![CDATA[java.lang.AssertionError: 
1 expectation failed.
Expected status code is <400> but was <201>.

]]></failure>
    <system-out><![CDATA[
@createPostTest @createPostNegativeTest @all @postTests
Scenario: Create a Post with invalid parameters                                 &amp#27;[90m# features/verifyPosts.feature:43&amp#27;[0m
Request method:	POST
Request URI:	https://jsonplaceholder.typicode.com/posts
Proxy:			<none>
Request params:	<none>
Query params:	<none>
Form params:	<none>
Path params:	<none>
Headers:		Accept=*/*
				Content-Type=application/json; charset=UTF-8
Cookies:		<none>
Multiparts:		<none>
Body:
{
    "id": "*&^",
    "type": "object",
    "title": "jQMIG",
    "body": "hoxLQRIeYl",
    "userId": "&%$",
    "properties": {
        "id": {
            "type": "integer"
        },
        "title": {
            "type": "string"
        },
        "body": {
            "type": "string"
        },
        "userId": {
            "type": "integer"
        }
    },
    "required": [
        "userId",
        "id",
        "title",
        "body"
    ]
}
  &amp#27;[32mWhen &amp#27;[0m&amp#27;[32mI perform post operation to create a post record with invalid parameters&amp#27;[0m &amp#27;[90m# stepDefinitions.stepDefLibrary.iPeformPostOperationToCreateAPostWithInvalidParams()&amp#27;[0m
  &amp#27;[31mThen &amp#27;[0m&amp#27;[31mthe status response code must be &amp#27;[0m&amp#27;[31m&amp#27;[1m400&amp#27;[0m                                     &amp#27;[90m# stepDefinitions.stepDefLibrary.theStatusResponseCodeMustBe(int)&amp#27;[0m
      &amp#27;[31mjava.lang.AssertionError: 1 expectation failed.
Expected status code is <400> but was <201>.

	at java.base/jdk.internal.reflect.NativeConstructorAccessorImpl.newInstance0(Native Method)
	at java.base/jdk.internal.reflect.NativeConstructorAccessorImpl.newInstance(NativeConstructorAccessorImpl.java:62)
	at java.base/jdk.internal.reflect.DelegatingConstructorAccessorImpl.newInstance(DelegatingConstructorAccessorImpl.java:45)
	at java.base/java.lang.reflect.Constructor.newInstance(Constructor.java:490)
	at org.codehaus.groovy.reflection.CachedConstructor.invoke(CachedConstructor.java:72)
	at org.codehaus.groovy.reflection.CachedConstructor.doConstructorInvoke(CachedConstructor.java:59)
	at org.codehaus.groovy.runtime.callsite.ConstructorSite$ConstructorSiteNoUnwrap.callConstructor(ConstructorSite.java:84)
	at org.codehaus.groovy.runtime.callsite.AbstractCallSite.callConstructor(AbstractCallSite.java:277)
	at io.restassured.internal.ResponseSpecificationImpl$HamcrestAssertionClosure.validate(ResponseSpecificationImpl.groovy:493)
	at io.restassured.internal.ResponseSpecificationImpl$HamcrestAssertionClosure$validate$1.call(Unknown Source)
	at io.restassured.internal.ResponseSpecificationImpl.validateResponseIfRequired(ResponseSpecificationImpl.groovy:674)
	at java.base/jdk.internal.reflect.NativeMethodAccessorImpl.invoke0(Native Method)
	at java.base/jdk.internal.reflect.NativeMethodAccessorImpl.invoke(NativeMethodAccessorImpl.java:62)
	at java.base/jdk.internal.reflect.DelegatingMethodAccessorImpl.invoke(DelegatingMethodAccessorImpl.java:43)
	at java.base/java.lang.reflect.Method.invoke(Method.java:566)
	at org.codehaus.groovy.runtime.callsite.PlainObjectMetaMethodSite.doInvoke(PlainObjectMetaMethodSite.java:43)
	at org.codehaus.groovy.runtime.callsite.PogoMetaMethodSite$PogoCachedMethodSiteNoUnwrapNoCoerce.invoke(PogoMetaMethodSite.java:193)
	at org.codehaus.groovy.runtime.callsite.PogoMetaMethodSite.callCurrent(PogoMetaMethodSite.java:61)
	at org.codehaus.groovy.runtime.callsite.AbstractCallSite.callCurrent(AbstractCallSite.java:185)
	at io.restassured.internal.ResponseSpecificationImpl.statusCode(ResponseSpecificationImpl.groovy:126)
	at io.restassured.internal.ValidatableResponseOptionsImpl.statusCode(ValidatableResponseOptionsImpl.java:84)
	at io.restassured.internal.ValidatableResponseImpl.super$2$statusCode(ValidatableResponseImpl.groovy)
	at java.base/jdk.internal.reflect.NativeMethodAccessorImpl.invoke0(Native Method)
	at java.base/jdk.internal.reflect.NativeMethodAccessorImpl.invoke(NativeMethodAccessorImpl.java:62)
	at java.base/jdk.internal.reflect.DelegatingMethodAccessorImpl.invoke(DelegatingMethodAccessorImpl.java:43)
	at java.base/java.lang.reflect.Method.invoke(Method.java:566)
	at org.codehaus.groovy.reflection.CachedMethod.invoke(CachedMethod.java:107)
	at groovy.lang.MetaMethod.doMethodInvoke(MetaMethod.java:323)
	at groovy.lang.MetaClassImpl.invokeMethod(MetaClassImpl.java:1262)
	at org.codehaus.groovy.runtime.ScriptBytecodeAdapter.invokeMethodOnSuperN(ScriptBytecodeAdapter.java:144)
	at io.restassured.internal.ValidatableResponseImpl.statusCode(ValidatableResponseImpl.groovy:136)
	at io.restassured.internal.ValidatableResponseImpl.statusCode(ValidatableResponseImpl.groovy)
	at stepDefinitions.stepDefLibrary.theStatusResponseCodeMustBe(stepDefLibrary.java:85)
	at âœ½.the status response code must be 400(classpath:features/verifyPosts.feature:45)
&amp#27;[0m
]]></system-out>
  </testcase>
  <testcase name="Create a Post with with null parameters" classname="Posts Tests: Test all the POST/PUT requests for creating Posts" time="0.772">
    <failure message="1 expectation failed.&#10;Expected status code is &lt;400&gt; but was &lt;201&gt;.&#10;" type="java.lang.AssertionError"><![CDATA[java.lang.AssertionError: 
1 expectation failed.
Expected status code is <400> but was <201>.

]]></failure>
    <system-out><![CDATA[
@createPostTest @createPostNegativeTest @all @postTests
Scenario: Create a Post with with null parameters                     &amp#27;[90m# features/verifyPosts.feature:49&amp#27;[0m
Request method:	POST
Request URI:	https://jsonplaceholder.typicode.com/posts
Proxy:			<none>
Request params:	<none>
Query params:	<none>
Form params:	<none>
Path params:	<none>
Headers:		Accept=*/*
				Content-Type=application/json; charset=UTF-8
Cookies:		<none>
Multiparts:		<none>
Body:
{
    "id": "",
    "type": "object",
    "title": "",
    "body": "",
    "userId": "",
    "properties": {
        "id": {
            "type": "integer"
        },
        "title": {
            "type": "string"
        },
        "body": {
            "type": "string"
        },
        "userId": {
            "type": "integer"
        }
    },
    "required": [
        "userId",
        "id",
        "title",
        "body"
    ]
}
  &amp#27;[32mWhen &amp#27;[0m&amp#27;[32mI perform post operation to create a Post with null parameters&amp#27;[0m &amp#27;[90m# stepDefinitions.stepDefLibrary.iPeformPostOperationToCreateAPostWithNullParams()&amp#27;[0m
  &amp#27;[31mThen &amp#27;[0m&amp#27;[31mthe status response code must be &amp#27;[0m&amp#27;[31m&amp#27;[1m400&amp#27;[0m                           &amp#27;[90m# stepDefinitions.stepDefLibrary.theStatusResponseCodeMustBe(int)&amp#27;[0m
      &amp#27;[31mjava.lang.AssertionError: 1 expectation failed.
Expected status code is <400> but was <201>.

	at java.base/jdk.internal.reflect.NativeConstructorAccessorImpl.newInstance0(Native Method)
	at java.base/jdk.internal.reflect.NativeConstructorAccessorImpl.newInstance(NativeConstructorAccessorImpl.java:62)
	at java.base/jdk.internal.reflect.DelegatingConstructorAccessorImpl.newInstance(DelegatingConstructorAccessorImpl.java:45)
	at java.base/java.lang.reflect.Constructor.newInstance(Constructor.java:490)
	at org.codehaus.groovy.reflection.CachedConstructor.invoke(CachedConstructor.java:72)
	at org.codehaus.groovy.reflection.CachedConstructor.doConstructorInvoke(CachedConstructor.java:59)
	at org.codehaus.groovy.runtime.callsite.ConstructorSite$ConstructorSiteNoUnwrap.callConstructor(ConstructorSite.java:84)
	at org.codehaus.groovy.runtime.callsite.AbstractCallSite.callConstructor(AbstractCallSite.java:277)
	at io.restassured.internal.ResponseSpecificationImpl$HamcrestAssertionClosure.validate(ResponseSpecificationImpl.groovy:493)
	at io.restassured.internal.ResponseSpecificationImpl$HamcrestAssertionClosure$validate$1.call(Unknown Source)
	at io.restassured.internal.ResponseSpecificationImpl.validateResponseIfRequired(ResponseSpecificationImpl.groovy:674)
	at java.base/jdk.internal.reflect.NativeMethodAccessorImpl.invoke0(Native Method)
	at java.base/jdk.internal.reflect.NativeMethodAccessorImpl.invoke(NativeMethodAccessorImpl.java:62)
	at java.base/jdk.internal.reflect.DelegatingMethodAccessorImpl.invoke(DelegatingMethodAccessorImpl.java:43)
	at java.base/java.lang.reflect.Method.invoke(Method.java:566)
	at org.codehaus.groovy.runtime.callsite.PlainObjectMetaMethodSite.doInvoke(PlainObjectMetaMethodSite.java:43)
	at org.codehaus.groovy.runtime.callsite.PogoMetaMethodSite$PogoCachedMethodSiteNoUnwrapNoCoerce.invoke(PogoMetaMethodSite.java:193)
	at org.codehaus.groovy.runtime.callsite.PogoMetaMethodSite.callCurrent(PogoMetaMethodSite.java:61)
	at org.codehaus.groovy.runtime.callsite.AbstractCallSite.callCurrent(AbstractCallSite.java:185)
	at io.restassured.internal.ResponseSpecificationImpl.statusCode(ResponseSpecificationImpl.groovy:126)
	at io.restassured.internal.ValidatableResponseOptionsImpl.statusCode(ValidatableResponseOptionsImpl.java:84)
	at io.restassured.internal.ValidatableResponseImpl.super$2$statusCode(ValidatableResponseImpl.groovy)
	at java.base/jdk.internal.reflect.NativeMethodAccessorImpl.invoke0(Native Method)
	at java.base/jdk.internal.reflect.NativeMethodAccessorImpl.invoke(NativeMethodAccessorImpl.java:62)
	at java.base/jdk.internal.reflect.DelegatingMethodAccessorImpl.invoke(DelegatingMethodAccessorImpl.java:43)
	at java.base/java.lang.reflect.Method.invoke(Method.java:566)
	at org.codehaus.groovy.reflection.CachedMethod.invoke(CachedMethod.java:107)
	at groovy.lang.MetaMethod.doMethodInvoke(MetaMethod.java:323)
	at groovy.lang.MetaClassImpl.invokeMethod(MetaClassImpl.java:1262)
	at org.codehaus.groovy.runtime.ScriptBytecodeAdapter.invokeMethodOnSuperN(ScriptBytecodeAdapter.java:144)
	at io.restassured.internal.ValidatableResponseImpl.statusCode(ValidatableResponseImpl.groovy:136)
	at io.restassured.internal.ValidatableResponseImpl.statusCode(ValidatableResponseImpl.groovy)
	at stepDefinitions.stepDefLibrary.theStatusResponseCodeMustBe(stepDefLibrary.java:85)
	at âœ½.the status response code must be 400(classpath:features/verifyPosts.feature:51)
&amp#27;[0m
]]></system-out>
  </testcase>
  <testcase name="Update A Post with valid data" classname="Posts Tests: Test all the POST/PUT requests for creating Posts" time="0.914"/>
  <testcase name="Update a Post with invalid or null id in path parameter #1" classname="Posts Tests: Test all the POST/PUT requests for creating Posts" time="0.775"/>
  <testcase name="Update a Post with invalid or null id in path parameter #2" classname="Posts Tests: Test all the POST/PUT requests for creating Posts" time="0.778"/>
  <testcase name="Update a Post with valid id and invalid json data" classname="Posts Tests: Test all the POST/PUT requests for creating Posts" time="1.141">
    <failure message="1 expectation failed.&#10;Expected status code (&lt;404&gt; or &lt;400&gt; or &lt;301&gt; or &lt;500&gt;) but was &lt;200&gt;.&#10;" type="java.lang.AssertionError"><![CDATA[java.lang.AssertionError: 
1 expectation failed.
Expected status code (<404> or <400> or <301> or <500>) but was <200>.

]]></failure>
    <system-out><![CDATA[
@updatePostTest @updatePostNegativeTest @all @postTests
Scenario Outline: Update a Post with valid id and invalid json data                          &amp#27;[90m# features/verifyPosts.feature:80&amp#27;[0m
Request method:	PUT
Request URI:	https://jsonplaceholder.typicode.com/posts/21
Proxy:			<none>
Request params:	<none>
Query params:	<none>
Form params:	<none>
Path params:	id=21
Headers:		Accept=*/*
				Content-Type=application/json; charset=UTF-8
Cookies:		<none>
Multiparts:		<none>
Body:
{
    "id": "*&^",
    "type": "object",
    "title": "SPMXe",
    "body": "euvOjbyGqK",
    "userId": "&%$",
    "properties": {
        "id": {
            "type": "integer"
        },
        "title": {
            "type": "string"
        },
        "body": {
            "type": "string"
        },
        "userId": {
            "type": "integer"
        }
    },
    "required": [
        "userId",
        "id",
        "title",
        "body"
    ]
}
  &amp#27;[32mWhen &amp#27;[0m&amp#27;[32mI perform put operation to update a Post for Valid id &amp#27;[0m&amp#27;[32m&amp#27;[1m"21"&amp#27;[0m&amp#27;[32m And with invalid json data&amp#27;[0m &amp#27;[90m# stepDefinitions.stepDefLibrary.iPerformPutOperationToUpdateAPostWithValidIdAndInvalidParams(java.lang.String)&amp#27;[0m
  &amp#27;[31mThen &amp#27;[0m&amp#27;[31man error status code must be returned&amp#27;[0m                                                 &amp#27;[90m# stepDefinitions.stepDefLibrary.anErrorStatusCodeMustBeReturned()&amp#27;[0m
      &amp#27;[31mjava.lang.AssertionError: 1 expectation failed.
Expected status code (<404> or <400> or <301> or <500>) but was <200>.

	at java.base/jdk.internal.reflect.NativeConstructorAccessorImpl.newInstance0(Native Method)
	at java.base/jdk.internal.reflect.NativeConstructorAccessorImpl.newInstance(NativeConstructorAccessorImpl.java:62)
	at java.base/jdk.internal.reflect.DelegatingConstructorAccessorImpl.newInstance(DelegatingConstructorAccessorImpl.java:45)
	at java.base/java.lang.reflect.Constructor.newInstance(Constructor.java:490)
	at org.codehaus.groovy.reflection.CachedConstructor.invoke(CachedConstructor.java:72)
	at org.codehaus.groovy.reflection.CachedConstructor.doConstructorInvoke(CachedConstructor.java:59)
	at org.codehaus.groovy.runtime.callsite.ConstructorSite$ConstructorSiteNoUnwrap.callConstructor(ConstructorSite.java:84)
	at org.codehaus.groovy.runtime.callsite.AbstractCallSite.callConstructor(AbstractCallSite.java:277)
	at io.restassured.internal.ResponseSpecificationImpl$HamcrestAssertionClosure.validate(ResponseSpecificationImpl.groovy:493)
	at io.restassured.internal.ResponseSpecificationImpl$HamcrestAssertionClosure$validate$1.call(Unknown Source)
	at io.restassured.internal.ResponseSpecificationImpl.validateResponseIfRequired(ResponseSpecificationImpl.groovy:674)
	at jdk.internal.reflect.GeneratedMethodAccessor143.invoke(Unknown Source)
	at java.base/jdk.internal.reflect.DelegatingMethodAccessorImpl.invoke(DelegatingMethodAccessorImpl.java:43)
	at java.base/java.lang.reflect.Method.invoke(Method.java:566)
	at org.codehaus.groovy.runtime.callsite.PlainObjectMetaMethodSite.doInvoke(PlainObjectMetaMethodSite.java:43)
	at org.codehaus.groovy.runtime.callsite.PogoMetaMethodSite$PogoCachedMethodSiteNoUnwrapNoCoerce.invoke(PogoMetaMethodSite.java:193)
	at org.codehaus.groovy.runtime.callsite.PogoMetaMethodSite.callCurrent(PogoMetaMethodSite.java:61)
	at org.codehaus.groovy.runtime.callsite.AbstractCallSite.callCurrent(AbstractCallSite.java:185)
	at io.restassured.internal.ResponseSpecificationImpl.statusCode(ResponseSpecificationImpl.groovy:126)
	at io.restassured.internal.ValidatableResponseOptionsImpl.statusCode(ValidatableResponseOptionsImpl.java:84)
	at io.restassured.internal.ValidatableResponseImpl.super$2$statusCode(ValidatableResponseImpl.groovy)
	at java.base/jdk.internal.reflect.NativeMethodAccessorImpl.invoke0(Native Method)
	at java.base/jdk.internal.reflect.NativeMethodAccessorImpl.invoke(NativeMethodAccessorImpl.java:62)
	at java.base/jdk.internal.reflect.DelegatingMethodAccessorImpl.invoke(DelegatingMethodAccessorImpl.java:43)
	at java.base/java.lang.reflect.Method.invoke(Method.java:566)
	at org.codehaus.groovy.reflection.CachedMethod.invoke(CachedMethod.java:107)
	at groovy.lang.MetaMethod.doMethodInvoke(MetaMethod.java:323)
	at groovy.lang.MetaClassImpl.invokeMethod(MetaClassImpl.java:1262)
	at org.codehaus.groovy.runtime.ScriptBytecodeAdapter.invokeMethodOnSuperN(ScriptBytecodeAdapter.java:144)
	at io.restassured.internal.ValidatableResponseImpl.statusCode(ValidatableResponseImpl.groovy:136)
	at io.restassured.internal.ValidatableResponseImpl.statusCode(ValidatableResponseImpl.groovy)
	at stepDefinitions.stepDefLibrary.anErrorStatusCodeMustBeReturned(stepDefLibrary.java:191)
	at âœ½.an error status code must be returned(classpath:features/verifyPosts.feature:77)
&amp#27;[0m
]]></system-out>
  </testcase>
  <testcase name="Update a Post with valid id and null json data" classname="Posts Tests: Test all the POST/PUT requests for creating Posts" time="0.96">
    <failure message="1 expectation failed.&#10;Expected status code (&lt;404&gt; or &lt;400&gt; or &lt;301&gt; or &lt;500&gt;) but was &lt;200&gt;.&#10;" type="java.lang.AssertionError"><![CDATA[java.lang.AssertionError: 
1 expectation failed.
Expected status code (<404> or <400> or <301> or <500>) but was <200>.

]]></failure>
    <system-out><![CDATA[
@updatePostTest @updatePostNegativeTest @all @postTests
Scenario Outline: Update a Post with valid id and null json data                              &amp#27;[90m# features/verifyPosts.feature:90&amp#27;[0m
Request method:	PUT
Request URI:	https://jsonplaceholder.typicode.com/posts/21
Proxy:			<none>
Request params:	<none>
Query params:	<none>
Form params:	<none>
Path params:	id=21
Headers:		Accept=*/*
				Content-Type=application/json; charset=UTF-8
Cookies:		<none>
Multiparts:		<none>
Body:
{
    "id": "",
    "type": "object",
    "title": "",
    "body": "",
    "userId": "",
    "properties": {
        "id": {
            "type": "integer"
        },
        "title": {
            "type": "string"
        },
        "body": {
            "type": "string"
        },
        "userId": {
            "type": "integer"
        }
    },
    "required": [
        "userId",
        "id",
        "title",
        "body"
    ]
}
  &amp#27;[32mWhen &amp#27;[0m&amp#27;[32mI perform put operation to update a Post for id &amp#27;[0m&amp#27;[32m&amp#27;[1m"21"&amp#27;[0m&amp#27;[32m with null parameters in json data&amp#27;[0m &amp#27;[90m# stepDefinitions.stepDefLibrary.iPerformPutOperationToUpdatePostForIdWithNullParametersInJsonData(java.lang.String)&amp#27;[0m
  &amp#27;[31mThen &amp#27;[0m&amp#27;[31man error status code must be returned&amp#27;[0m                                                  &amp#27;[90m# stepDefinitions.stepDefLibrary.anErrorStatusCodeMustBeReturned()&amp#27;[0m
      &amp#27;[31mjava.lang.AssertionError: 1 expectation failed.
Expected status code (<404> or <400> or <301> or <500>) but was <200>.

	at java.base/jdk.internal.reflect.NativeConstructorAccessorImpl.newInstance0(Native Method)
	at java.base/jdk.internal.reflect.NativeConstructorAccessorImpl.newInstance(NativeConstructorAccessorImpl.java:62)
	at java.base/jdk.internal.reflect.DelegatingConstructorAccessorImpl.newInstance(DelegatingConstructorAccessorImpl.java:45)
	at java.base/java.lang.reflect.Constructor.newInstance(Constructor.java:490)
	at org.codehaus.groovy.reflection.CachedConstructor.invoke(CachedConstructor.java:72)
	at org.codehaus.groovy.reflection.CachedConstructor.doConstructorInvoke(CachedConstructor.java:59)
	at org.codehaus.groovy.runtime.callsite.ConstructorSite$ConstructorSiteNoUnwrap.callConstructor(ConstructorSite.java:84)
	at org.codehaus.groovy.runtime.callsite.AbstractCallSite.callConstructor(AbstractCallSite.java:277)
	at io.restassured.internal.ResponseSpecificationImpl$HamcrestAssertionClosure.validate(ResponseSpecificationImpl.groovy:493)
	at io.restassured.internal.ResponseSpecificationImpl$HamcrestAssertionClosure$validate$1.call(Unknown Source)
	at io.restassured.internal.ResponseSpecificationImpl.validateResponseIfRequired(ResponseSpecificationImpl.groovy:674)
	at jdk.internal.reflect.GeneratedMethodAccessor143.invoke(Unknown Source)
	at java.base/jdk.internal.reflect.DelegatingMethodAccessorImpl.invoke(DelegatingMethodAccessorImpl.java:43)
	at java.base/java.lang.reflect.Method.invoke(Method.java:566)
	at org.codehaus.groovy.runtime.callsite.PlainObjectMetaMethodSite.doInvoke(PlainObjectMetaMethodSite.java:43)
	at org.codehaus.groovy.runtime.callsite.PogoMetaMethodSite$PogoCachedMethodSiteNoUnwrapNoCoerce.invoke(PogoMetaMethodSite.java:193)
	at org.codehaus.groovy.runtime.callsite.PogoMetaMethodSite.callCurrent(PogoMetaMethodSite.java:61)
	at org.codehaus.groovy.runtime.callsite.AbstractCallSite.callCurrent(AbstractCallSite.java:185)
	at io.restassured.internal.ResponseSpecificationImpl.statusCode(ResponseSpecificationImpl.groovy:126)
	at io.restassured.internal.ValidatableResponseOptionsImpl.statusCode(ValidatableResponseOptionsImpl.java:84)
	at io.restassured.internal.ValidatableResponseImpl.super$2$statusCode(ValidatableResponseImpl.groovy)
	at java.base/jdk.internal.reflect.NativeMethodAccessorImpl.invoke0(Native Method)
	at java.base/jdk.internal.reflect.NativeMethodAccessorImpl.invoke(NativeMethodAccessorImpl.java:62)
	at java.base/jdk.internal.reflect.DelegatingMethodAccessorImpl.invoke(DelegatingMethodAccessorImpl.java:43)
	at java.base/java.lang.reflect.Method.invoke(Method.java:566)
	at org.codehaus.groovy.reflection.CachedMethod.invoke(CachedMethod.java:107)
	at groovy.lang.MetaMethod.doMethodInvoke(MetaMethod.java:323)
	at groovy.lang.MetaClassImpl.invokeMethod(MetaClassImpl.java:1262)
	at org.codehaus.groovy.runtime.ScriptBytecodeAdapter.invokeMethodOnSuperN(ScriptBytecodeAdapter.java:144)
	at io.restassured.internal.ValidatableResponseImpl.statusCode(ValidatableResponseImpl.groovy:136)
	at io.restassured.internal.ValidatableResponseImpl.statusCode(ValidatableResponseImpl.groovy)
	at stepDefinitions.stepDefLibrary.anErrorStatusCodeMustBeReturned(stepDefLibrary.java:191)
	at âœ½.an error status code must be returned(classpath:features/verifyPosts.feature:86)
&amp#27;[0m
]]></system-out>
  </testcase>
  <testcase name="Get all User data" classname="Users Tests: Test all the GET requests for User data" time="0.141"/>
  <testcase name="Validate the count of records in response of All Users" classname="Users Tests: Test all the GET requests for User data" time="0.596"/>
  <testcase name="Validate Schema of a User record #1" classname="Users Tests: Test all the GET requests for User data" time="0.344"/>
  <testcase name="Validate Schema of a User record #2" classname="Users Tests: Test all the GET requests for User data" time="0.249"/>
  <testcase name="Update A User&apos;s Details with valid data" classname="Users Tests: Test all the GET requests for User data" time="0.879"/>
  <testcase name="Execute Patch on certain params of the User&apos;s Details with valid data" classname="Users Tests: Test all the GET requests for User data" time="0.774"/>
  <testcase name="Update A User&apos;s Details with Invalid ID" classname="Users Tests: Test all the GET requests for User data" time="0.751"/>
  <testcase name="Update A User&apos;s Details with Invalid data" classname="Users Tests: Test all the GET requests for User data" time="1.311">
    <failure message="1 expectation failed.&#10;Expected status code (&lt;404&gt; or &lt;400&gt; or &lt;301&gt; or &lt;500&gt;) but was &lt;200&gt;.&#10;" type="java.lang.AssertionError"><![CDATA[java.lang.AssertionError: 
1 expectation failed.
Expected status code (<404> or <400> or <301> or <500>) but was <200>.

]]></failure>
    <system-out><![CDATA[
@userTests @all
Scenario Outline: Update A User's Details with Invalid data                               &amp#27;[90m# features/verifyUsers.feature:75&amp#27;[0m
Request method:	PUT
Request URI:	https://jsonplaceholder.typicode.com/users/4
Proxy:			<none>
Request params:	<none>
Query params:	<none>
Form params:	<none>
Path params:	id=4
Headers:		Accept=*/*
				Content-Type=application/json; charset=UTF-8
Cookies:		<none>
Multiparts:		<none>
Body:
{
    "name": "xnOxxUBIAS",
    "id": "*&^",
    "type": "object",
    "properties": {
        "id": {
            "type": "integer"
        },
        "title": {
            "type": "string"
        },
        "body": {
            "type": "string"
        },
        "userId": {
            "type": "integer"
        }
    },
    "required": [
        "userId",
        "id",
        "title",
        "body"
    ],
    "username": "efdSo"
}
  &amp#27;[32mWhen &amp#27;[0m&amp#27;[32mI perform put operation to update User's detail with invalid data and valid id &amp#27;[0m&amp#27;[32m&amp#27;[1m"4"&amp#27;[0m &amp#27;[90m# stepDefinitions.stepDefLibrary.iPerformPutOperationToUpdateAUserDetailWithInvalidData(java.lang.String)&amp#27;[0m
  &amp#27;[31mThen &amp#27;[0m&amp#27;[31man error status code must be returned&amp#27;[0m                                              &amp#27;[90m# stepDefinitions.stepDefLibrary.anErrorStatusCodeMustBeReturned()&amp#27;[0m
      &amp#27;[31mjava.lang.AssertionError: 1 expectation failed.
Expected status code (<404> or <400> or <301> or <500>) but was <200>.

	at java.base/jdk.internal.reflect.NativeConstructorAccessorImpl.newInstance0(Native Method)
	at java.base/jdk.internal.reflect.NativeConstructorAccessorImpl.newInstance(NativeConstructorAccessorImpl.java:62)
	at java.base/jdk.internal.reflect.DelegatingConstructorAccessorImpl.newInstance(DelegatingConstructorAccessorImpl.java:45)
	at java.base/java.lang.reflect.Constructor.newInstance(Constructor.java:490)
	at org.codehaus.groovy.reflection.CachedConstructor.invoke(CachedConstructor.java:72)
	at org.codehaus.groovy.reflection.CachedConstructor.doConstructorInvoke(CachedConstructor.java:59)
	at org.codehaus.groovy.runtime.callsite.ConstructorSite$ConstructorSiteNoUnwrap.callConstructor(ConstructorSite.java:84)
	at org.codehaus.groovy.runtime.callsite.AbstractCallSite.callConstructor(AbstractCallSite.java:277)
	at io.restassured.internal.ResponseSpecificationImpl$HamcrestAssertionClosure.validate(ResponseSpecificationImpl.groovy:493)
	at io.restassured.internal.ResponseSpecificationImpl$HamcrestAssertionClosure$validate$1.call(Unknown Source)
	at io.restassured.internal.ResponseSpecificationImpl.validateResponseIfRequired(ResponseSpecificationImpl.groovy:674)
	at jdk.internal.reflect.GeneratedMethodAccessor143.invoke(Unknown Source)
	at java.base/jdk.internal.reflect.DelegatingMethodAccessorImpl.invoke(DelegatingMethodAccessorImpl.java:43)
	at java.base/java.lang.reflect.Method.invoke(Method.java:566)
	at org.codehaus.groovy.runtime.callsite.PlainObjectMetaMethodSite.doInvoke(PlainObjectMetaMethodSite.java:43)
	at org.codehaus.groovy.runtime.callsite.PogoMetaMethodSite$PogoCachedMethodSiteNoUnwrapNoCoerce.invoke(PogoMetaMethodSite.java:193)
	at org.codehaus.groovy.runtime.callsite.PogoMetaMethodSite.callCurrent(PogoMetaMethodSite.java:61)
	at org.codehaus.groovy.runtime.callsite.AbstractCallSite.callCurrent(AbstractCallSite.java:185)
	at io.restassured.internal.ResponseSpecificationImpl.statusCode(ResponseSpecificationImpl.groovy:126)
	at io.restassured.internal.ValidatableResponseOptionsImpl.statusCode(ValidatableResponseOptionsImpl.java:84)
	at io.restassured.internal.ValidatableResponseImpl.super$2$statusCode(ValidatableResponseImpl.groovy)
	at jdk.internal.reflect.GeneratedMethodAccessor152.invoke(Unknown Source)
	at java.base/jdk.internal.reflect.DelegatingMethodAccessorImpl.invoke(DelegatingMethodAccessorImpl.java:43)
	at java.base/java.lang.reflect.Method.invoke(Method.java:566)
	at org.codehaus.groovy.reflection.CachedMethod.invoke(CachedMethod.java:107)
	at groovy.lang.MetaMethod.doMethodInvoke(MetaMethod.java:323)
	at groovy.lang.MetaClassImpl.invokeMethod(MetaClassImpl.java:1262)
	at org.codehaus.groovy.runtime.ScriptBytecodeAdapter.invokeMethodOnSuperN(ScriptBytecodeAdapter.java:144)
	at io.restassured.internal.ValidatableResponseImpl.statusCode(ValidatableResponseImpl.groovy:136)
	at io.restassured.internal.ValidatableResponseImpl.statusCode(ValidatableResponseImpl.groovy)
	at stepDefinitions.stepDefLibrary.anErrorStatusCodeMustBeReturned(stepDefLibrary.java:191)
	at âœ½.an error status code must be returned(classpath:features/verifyUsers.feature:72)
&amp#27;[0m
]]></system-out>
  </testcase>
  <testcase name="Update A User&apos;s Details with All Null data" classname="Users Tests: Test all the GET requests for User data" time="0.957">
    <failure message="1 expectation failed.&#10;Expected status code (&lt;404&gt; or &lt;400&gt; or &lt;301&gt; or &lt;500&gt;) but was &lt;200&gt;.&#10;" type="java.lang.AssertionError"><![CDATA[java.lang.AssertionError: 
1 expectation failed.
Expected status code (<404> or <400> or <301> or <500>) but was <200>.

]]></failure>
    <system-out><![CDATA[
@userTests @all
Scenario Outline: Update A User's Details with All Null data                               &amp#27;[90m# features/verifyUsers.feature:84&amp#27;[0m
Request method:	PUT
Request URI:	https://jsonplaceholder.typicode.com/users/4
Proxy:			<none>
Request params:	<none>
Query params:	<none>
Form params:	<none>
Path params:	id=4
Headers:		Accept=*/*
				Content-Type=application/json; charset=UTF-8
Cookies:		<none>
Multiparts:		<none>
Body:
{
    "name": "",
    "id": "",
    "type": "object",
    "properties": {
        "id": {
            "type": "integer"
        },
        "title": {
            "type": "string"
        },
        "body": {
            "type": "string"
        },
        "userId": {
            "type": "integer"
        }
    },
    "required": [
        "userId",
        "id",
        "title",
        "body"
    ],
    "username": ""
}
  &amp#27;[32mWhen &amp#27;[0m&amp#27;[32mI perform put operation to update User's detail with All Null data but valid id &amp#27;[0m&amp#27;[32m&amp#27;[1m"4"&amp#27;[0m &amp#27;[90m# stepDefinitions.stepDefLibrary.iPerformPutOperationToUpdateAUserDetailWithNullData(java.lang.String)&amp#27;[0m
  &amp#27;[31mThen &amp#27;[0m&amp#27;[31man error status code must be returned&amp#27;[0m                                               &amp#27;[90m# stepDefinitions.stepDefLibrary.anErrorStatusCodeMustBeReturned()&amp#27;[0m
      &amp#27;[31mjava.lang.AssertionError: 1 expectation failed.
Expected status code (<404> or <400> or <301> or <500>) but was <200>.

	at java.base/jdk.internal.reflect.NativeConstructorAccessorImpl.newInstance0(Native Method)
	at java.base/jdk.internal.reflect.NativeConstructorAccessorImpl.newInstance(NativeConstructorAccessorImpl.java:62)
	at java.base/jdk.internal.reflect.DelegatingConstructorAccessorImpl.newInstance(DelegatingConstructorAccessorImpl.java:45)
	at java.base/java.lang.reflect.Constructor.newInstance(Constructor.java:490)
	at org.codehaus.groovy.reflection.CachedConstructor.invoke(CachedConstructor.java:72)
	at org.codehaus.groovy.reflection.CachedConstructor.doConstructorInvoke(CachedConstructor.java:59)
	at org.codehaus.groovy.runtime.callsite.ConstructorSite$ConstructorSiteNoUnwrap.callConstructor(ConstructorSite.java:84)
	at org.codehaus.groovy.runtime.callsite.AbstractCallSite.callConstructor(AbstractCallSite.java:277)
	at io.restassured.internal.ResponseSpecificationImpl$HamcrestAssertionClosure.validate(ResponseSpecificationImpl.groovy:493)
	at io.restassured.internal.ResponseSpecificationImpl$HamcrestAssertionClosure$validate$1.call(Unknown Source)
	at io.restassured.internal.ResponseSpecificationImpl.validateResponseIfRequired(ResponseSpecificationImpl.groovy:674)
	at jdk.internal.reflect.GeneratedMethodAccessor143.invoke(Unknown Source)
	at java.base/jdk.internal.reflect.DelegatingMethodAccessorImpl.invoke(DelegatingMethodAccessorImpl.java:43)
	at java.base/java.lang.reflect.Method.invoke(Method.java:566)
	at org.codehaus.groovy.runtime.callsite.PlainObjectMetaMethodSite.doInvoke(PlainObjectMetaMethodSite.java:43)
	at org.codehaus.groovy.runtime.callsite.PogoMetaMethodSite$PogoCachedMethodSiteNoUnwrapNoCoerce.invoke(PogoMetaMethodSite.java:193)
	at org.codehaus.groovy.runtime.callsite.PogoMetaMethodSite.callCurrent(PogoMetaMethodSite.java:61)
	at org.codehaus.groovy.runtime.callsite.AbstractCallSite.callCurrent(AbstractCallSite.java:185)
	at io.restassured.internal.ResponseSpecificationImpl.statusCode(ResponseSpecificationImpl.groovy:126)
	at io.restassured.internal.ValidatableResponseOptionsImpl.statusCode(ValidatableResponseOptionsImpl.java:84)
	at io.restassured.internal.ValidatableResponseImpl.super$2$statusCode(ValidatableResponseImpl.groovy)
	at jdk.internal.reflect.GeneratedMethodAccessor152.invoke(Unknown Source)
	at java.base/jdk.internal.reflect.DelegatingMethodAccessorImpl.invoke(DelegatingMethodAccessorImpl.java:43)
	at java.base/java.lang.reflect.Method.invoke(Method.java:566)
	at org.codehaus.groovy.reflection.CachedMethod.invoke(CachedMethod.java:107)
	at groovy.lang.MetaMethod.doMethodInvoke(MetaMethod.java:323)
	at groovy.lang.MetaClassImpl.invokeMethod(MetaClassImpl.java:1262)
	at org.codehaus.groovy.runtime.ScriptBytecodeAdapter.invokeMethodOnSuperN(ScriptBytecodeAdapter.java:144)
	at io.restassured.internal.ValidatableResponseImpl.statusCode(ValidatableResponseImpl.groovy:136)
	at io.restassured.internal.ValidatableResponseImpl.statusCode(ValidatableResponseImpl.groovy)
	at stepDefinitions.stepDefLibrary.anErrorStatusCodeMustBeReturned(stepDefLibrary.java:191)
	at âœ½.an error status code must be returned(classpath:features/verifyUsers.feature:81)
&amp#27;[0m
]]></system-out>
  </testcase>
  <testcase name="Get a single User data using id #1" classname="Users Tests: Test all the GET requests for User data" time="0.206"/>
  <testcase name="Get a single User data using id #2" classname="Users Tests: Test all the GET requests for User data" time="0.102"/>
  <testcase name="When id consisting of alphabets/non existing ids are passed to the get API request for single employee #1" classname="Users Tests: Test all the GET requests for User data" time="0.212"/>
  <testcase name="When id consisting of alphabets/non existing ids are passed to the get API request for single employee #2" classname="Users Tests: Test all the GET requests for User data" time="0.324"/>
  <testcase name="When special character are passed as ID in the get API request for single User #1" classname="Users Tests: Test all the GET requests for User data" time="0.283"/>
  <testcase name="When special character are passed as ID in the get API request for single User #2" classname="Users Tests: Test all the GET requests for User data" time="0.323"/>
</testsuite>